\BOOKMARK [1][-]{section.1}{Version control}{}% 1
\BOOKMARK [1][-]{section.2}{Samenwerkingscontract}{}% 2
\BOOKMARK [1][-]{section.3}{Kwaliteitseisen}{}% 3
\BOOKMARK [2][-]{subsubsection.3.0.1}{Code eisen}{section.3}% 4
\BOOKMARK [3][-]{subsubsection.3.0.2}{Product eisen}{subsubsection.3.0.1}% 5
\BOOKMARK [3][-]{subsubsection.3.0.3}{Eindgebruiker eisen}{subsubsection.3.0.1}% 6
\BOOKMARK [3][-]{subsubsection.3.0.4}{Git eisen}{subsubsection.3.0.1}% 7
\BOOKMARK [1][-]{section.4}{Analyse \046 advies}{}% 8
\BOOKMARK [2][-]{subsection.4.1}{Dispenser}{section.4}% 9
\BOOKMARK [2][-]{subsection.4.2}{Veiligheid}{section.4}% 10
\BOOKMARK [2][-]{subsection.4.3}{Biljetten}{section.4}% 11
\BOOKMARK [2][-]{subsection.4.4}{Sensoren}{section.4}% 12
\BOOKMARK [2][-]{subsection.4.5}{Communicatie}{section.4}% 13
\BOOKMARK [2][-]{subsection.4.6}{Bonnen}{section.4}% 14
\BOOKMARK [2][-]{subsection.4.7}{Materiaal}{section.4}% 15
\BOOKMARK [1][-]{section.5}{Ontwerp \046 realisatie}{}% 16
\BOOKMARK [2][-]{subsection.5.1}{Ontwerp proces dispensers}{section.5}% 17
\BOOKMARK [2][-]{subsection.5.2}{Bouwtekening ATM}{section.5}% 18
\BOOKMARK [2][-]{subsection.5.3}{Electrisch schema}{section.5}% 19
\BOOKMARK [2][-]{subsection.5.4}{Toepassen kwaliteitseisen}{section.5}% 20
\BOOKMARK [2][-]{subsection.5.5}{Testen}{section.5}% 21
\BOOKMARK [1][-]{section.6}{Bijlagen}{}% 22
