\BOOKMARK [1][-]{section.1}{Beheren}{}% 1
\BOOKMARK [2][-]{subsection.1.1}{Versiebeheer}{section.1}% 2
\BOOKMARK [1][-]{section.2}{Samenwerkingscontract}{}% 3
\BOOKMARK [2][-]{subsection.2.1}{Kwaliteitseisen}{section.2}% 4
\BOOKMARK [3][-]{subsubsection.2.1.1}{Code eisen}{subsection.2.1}% 5
\BOOKMARK [3][-]{subsubsection.2.1.2}{Product eisen}{subsection.2.1}% 6
\BOOKMARK [3][-]{subsubsection.2.1.3}{Eindgebruiker eisen}{subsection.2.1}% 7
\BOOKMARK [3][-]{subsubsection.2.1.4}{Git eisen}{subsection.2.1}% 8
\BOOKMARK [2][-]{subsection.2.2}{Samenwerkingscontract}{section.2}% 9
\BOOKMARK [1][-]{section.3}{Analyse \046 advies}{}% 10
\BOOKMARK [2][-]{subsection.3.1}{Dispenser}{section.3}% 11
\BOOKMARK [2][-]{subsection.3.2}{Veiligheid}{section.3}% 12
\BOOKMARK [2][-]{subsection.3.3}{Biljetten}{section.3}% 13
\BOOKMARK [2][-]{subsection.3.4}{Sensoren}{section.3}% 14
\BOOKMARK [2][-]{subsection.3.5}{Communicatie}{section.3}% 15
\BOOKMARK [2][-]{subsection.3.6}{Bonnen}{section.3}% 16
\BOOKMARK [2][-]{subsection.3.7}{Materiaal}{section.3}% 17
\BOOKMARK [1][-]{section.4}{Ontwerp \046 realisatie}{}% 18
\BOOKMARK [2][-]{subsection.4.1}{Bouwtekening ATM}{section.4}% 19
\BOOKMARK [2][-]{subsection.4.2}{Toepassen kwaliteitseisen}{section.4}% 20
\BOOKMARK [2][-]{subsection.4.3}{Testen}{section.4}% 21
