This is pdfTeX, Version 3.14159265-2.6-1.40.18 (TeX Live 2017/Arch Linux) (preloaded format=pdflatex 2018.5.19)  30 MAY 2018 00:06
entering extended mode
 restricted \write18 enabled.
 %&-line parsing enabled.
**proj4adviesverslag.tex
(./proj4adviesverslag.tex
LaTeX2e <2017-04-15>
Babel <3.18> and hyphenation patterns for 84 language(s) loaded.
(/usr/share/texmf-dist/tex/latex/base/article.cls
Document Class: article 2014/09/29 v1.4h Standard LaTeX document class
(/usr/share/texmf-dist/tex/latex/base/size10.clo
File: size10.clo 2014/09/29 v1.4h Standard LaTeX file (size option)
)
\c@part=\count79
\c@section=\count80
\c@subsection=\count81
\c@subsubsection=\count82
\c@paragraph=\count83
\c@subparagraph=\count84
\c@figure=\count85
\c@table=\count86
\abovecaptionskip=\skip41
\belowcaptionskip=\skip42
\bibindent=\dimen102
)
(/usr/share/texmf-dist/tex/generic/babel/babel.sty
Package: babel 2018/02/14 3.18 The Babel package

(/usr/share/texmf-dist/tex/generic/babel/switch.def
File: switch.def 2018/02/14 3.18 Babel switching mechanism
)
(/usr/share/texmf-dist/tex/generic/babel-dutch/dutch.ldf
Language: dutch 2005/03/30 v3.8i Dutch support from the babel system

(/usr/share/texmf-dist/tex/generic/babel/babel.def
File: babel.def 2018/02/14 3.18 Babel common definitions
\babel@savecnt=\count87
\U@D=\dimen103

(/usr/share/texmf-dist/tex/generic/babel/txtbabel.def)
\bbl@dirlevel=\count88
)
Package babel Info: Making " an active character on input line 132.
))
(/usr/share/texmf-dist/tex/latex/graphics/graphicx.sty
Package: graphicx 2017/06/01 v1.1a Enhanced LaTeX Graphics (DPC,SPQR)

(/usr/share/texmf-dist/tex/latex/graphics/keyval.sty
Package: keyval 2014/10/28 v1.15 key=value parser (DPC)
\KV@toks@=\toks14
)
(/usr/share/texmf-dist/tex/latex/graphics/graphics.sty
Package: graphics 2017/06/25 v1.2c Standard LaTeX Graphics (DPC,SPQR)

(/usr/share/texmf-dist/tex/latex/graphics/trig.sty
Package: trig 2016/01/03 v1.10 sin cos tan (DPC)
)
(/usr/share/texmf-dist/tex/latex/graphics-cfg/graphics.cfg
File: graphics.cfg 2016/06/04 v1.11 sample graphics configuration
)
Package graphics Info: Driver file: pdftex.def on input line 99.

(/usr/share/texmf-dist/tex/latex/graphics-def/pdftex.def
File: pdftex.def 2018/01/08 v1.0l Graphics/color driver for pdftex
))
\Gin@req@height=\dimen104
\Gin@req@width=\dimen105
)
(/usr/share/texmf-dist/tex/latex/hyperref/hyperref.sty
Package: hyperref 2018/02/06 v6.86b Hypertext links for LaTeX

(/usr/share/texmf-dist/tex/generic/oberdiek/hobsub-hyperref.sty
Package: hobsub-hyperref 2016/05/16 v1.14 Bundle oberdiek, subset hyperref (HO)


(/usr/share/texmf-dist/tex/generic/oberdiek/hobsub-generic.sty
Package: hobsub-generic 2016/05/16 v1.14 Bundle oberdiek, subset generic (HO)
Package: hobsub 2016/05/16 v1.14 Construct package bundles (HO)
Package: infwarerr 2016/05/16 v1.4 Providing info/warning/error messages (HO)
Package: ltxcmds 2016/05/16 v1.23 LaTeX kernel commands for general use (HO)
Package: ifluatex 2016/05/16 v1.4 Provides the ifluatex switch (HO)
Package ifluatex Info: LuaTeX not detected.
Package: ifvtex 2016/05/16 v1.6 Detect VTeX and its facilities (HO)
Package ifvtex Info: VTeX not detected.
Package: intcalc 2016/05/16 v1.2 Expandable calculations with integers (HO)
Package: ifpdf 2017/03/15 v3.2 Provides the ifpdf switch
Package: etexcmds 2016/05/16 v1.6 Avoid name clashes with e-TeX commands (HO)
Package etexcmds Info: Could not find \expanded.
(etexcmds)             That can mean that you are not using pdfTeX 1.50 or
(etexcmds)             that some package has redefined \expanded.
(etexcmds)             In the latter case, load this package earlier.
Package: kvsetkeys 2016/05/16 v1.17 Key value parser (HO)
Package: kvdefinekeys 2016/05/16 v1.4 Define keys (HO)
Package: pdftexcmds 2018/01/21 v0.26 Utility functions of pdfTeX for LuaTeX (HO
)
Package pdftexcmds Info: LuaTeX not detected.
Package pdftexcmds Info: \pdf@primitive is available.
Package pdftexcmds Info: \pdf@ifprimitive is available.
Package pdftexcmds Info: \pdfdraftmode found.
Package: pdfescape 2016/05/16 v1.14 Implements pdfTeX's escape features (HO)
Package: bigintcalc 2016/05/16 v1.4 Expandable calculations on big integers (HO
)
Package: bitset 2016/05/16 v1.2 Handle bit-vector datatype (HO)
Package: uniquecounter 2016/05/16 v1.3 Provide unlimited unique counter (HO)
)
Package hobsub Info: Skipping package `hobsub' (already loaded).
Package: letltxmacro 2016/05/16 v1.5 Let assignment for LaTeX macros (HO)
Package: hopatch 2016/05/16 v1.3 Wrapper for package hooks (HO)
Package: xcolor-patch 2016/05/16 xcolor patch
Package: atveryend 2016/05/16 v1.9 Hooks at the very end of document (HO)
Package atveryend Info: \enddocument detected (standard20110627).
Package: atbegshi 2016/06/09 v1.18 At begin shipout hook (HO)
Package: refcount 2016/05/16 v3.5 Data extraction from label references (HO)
Package: hycolor 2016/05/16 v1.8 Color options for hyperref/bookmark (HO)
)
(/usr/share/texmf-dist/tex/generic/ifxetex/ifxetex.sty
Package: ifxetex 2010/09/12 v0.6 Provides ifxetex conditional
)
(/usr/share/texmf-dist/tex/latex/oberdiek/auxhook.sty
Package: auxhook 2016/05/16 v1.4 Hooks for auxiliary files (HO)
)
(/usr/share/texmf-dist/tex/latex/oberdiek/kvoptions.sty
Package: kvoptions 2016/05/16 v3.12 Key value format for package options (HO)
)
\@linkdim=\dimen106
\Hy@linkcounter=\count89
\Hy@pagecounter=\count90

(/usr/share/texmf-dist/tex/latex/hyperref/pd1enc.def
File: pd1enc.def 2018/02/06 v6.86b Hyperref: PDFDocEncoding definition (HO)
)
\Hy@SavedSpaceFactor=\count91

(/usr/share/texmf-dist/tex/latex/latexconfig/hyperref.cfg
File: hyperref.cfg 2002/06/06 v1.2 hyperref configuration of TeXLive
)
Package hyperref Info: Hyper figures OFF on input line 4509.
Package hyperref Info: Link nesting OFF on input line 4514.
Package hyperref Info: Hyper index ON on input line 4517.
Package hyperref Info: Plain pages OFF on input line 4524.
Package hyperref Info: Backreferencing OFF on input line 4529.
Package hyperref Info: Implicit mode ON; LaTeX internals redefined.
Package hyperref Info: Bookmarks ON on input line 4762.
\c@Hy@tempcnt=\count92

(/usr/share/texmf-dist/tex/latex/url/url.sty
\Urlmuskip=\muskip10
Package: url 2013/09/16  ver 3.4  Verb mode for urls, etc.
)
LaTeX Info: Redefining \url on input line 5115.
\XeTeXLinkMargin=\dimen107
\Fld@menulength=\count93
\Field@Width=\dimen108
\Fld@charsize=\dimen109
Package hyperref Info: Hyper figures OFF on input line 6369.
Package hyperref Info: Link nesting OFF on input line 6374.
Package hyperref Info: Hyper index ON on input line 6377.
Package hyperref Info: backreferencing OFF on input line 6384.
Package hyperref Info: Link coloring OFF on input line 6389.
Package hyperref Info: Link coloring with OCG OFF on input line 6394.
Package hyperref Info: PDF/A mode OFF on input line 6399.
LaTeX Info: Redefining \ref on input line 6439.
LaTeX Info: Redefining \pageref on input line 6443.
\Hy@abspage=\count94
\c@Item=\count95
\c@Hfootnote=\count96
)
Package hyperref Info: Driver (autodetected): hpdftex.

(/usr/share/texmf-dist/tex/latex/hyperref/hpdftex.def
File: hpdftex.def 2018/02/06 v6.86b Hyperref driver for pdfTeX
\Fld@listcount=\count97
\c@bookmark@seq@number=\count98

(/usr/share/texmf-dist/tex/latex/oberdiek/rerunfilecheck.sty
Package: rerunfilecheck 2016/05/16 v1.8 Rerun checks for auxiliary files (HO)
Package uniquecounter Info: New unique counter `rerunfilecheck' on input line 2
82.
)
\Hy@SectionHShift=\skip43
)
(/usr/share/texmf-dist/tex/latex/marvosym/marvosym.sty
Package: marvosym 2011/07/20 v2.2 Martin Vogel's Symbols font definitions
)
(./proj4adviesverslag.aux)
\openout1 = `proj4adviesverslag.aux'.

LaTeX Font Info:    Checking defaults for OML/cmm/m/it on input line 9.
LaTeX Font Info:    ... okay on input line 9.
LaTeX Font Info:    Checking defaults for T1/cmr/m/n on input line 9.
LaTeX Font Info:    ... okay on input line 9.
LaTeX Font Info:    Checking defaults for OT1/cmr/m/n on input line 9.
LaTeX Font Info:    ... okay on input line 9.
LaTeX Font Info:    Checking defaults for OMS/cmsy/m/n on input line 9.
LaTeX Font Info:    ... okay on input line 9.
LaTeX Font Info:    Checking defaults for OMX/cmex/m/n on input line 9.
LaTeX Font Info:    ... okay on input line 9.
LaTeX Font Info:    Checking defaults for U/cmr/m/n on input line 9.
LaTeX Font Info:    ... okay on input line 9.
LaTeX Font Info:    Checking defaults for PD1/pdf/m/n on input line 9.
LaTeX Font Info:    ... okay on input line 9.

(/usr/share/texmf-dist/tex/context/base/mkii/supp-pdf.mkii
[Loading MPS to PDF converter (version 2006.09.02).]
\scratchcounter=\count99
\scratchdimen=\dimen110
\scratchbox=\box26
\nofMPsegments=\count100
\nofMParguments=\count101
\everyMPshowfont=\toks15
\MPscratchCnt=\count102
\MPscratchDim=\dimen111
\MPnumerator=\count103
\makeMPintoPDFobject=\count104
\everyMPtoPDFconversion=\toks16
) (/usr/share/texmf-dist/tex/latex/oberdiek/epstopdf-base.sty
Package: epstopdf-base 2016/05/15 v2.6 Base part for package epstopdf

(/usr/share/texmf-dist/tex/latex/oberdiek/grfext.sty
Package: grfext 2016/05/16 v1.2 Manage graphics extensions (HO)
)
Package epstopdf-base Info: Redefining graphics rule for `.eps' on input line 4
38.
Package grfext Info: Graphics extension search list:
(grfext)             [.pdf,.png,.jpg,.mps,.jpeg,.jbig2,.jb2,.PDF,.PNG,.JPG,.JPE
G,.JBIG2,.JB2,.eps]
(grfext)             \AppendGraphicsExtensions on input line 456.

(/usr/share/texmf-dist/tex/latex/latexconfig/epstopdf-sys.cfg
File: epstopdf-sys.cfg 2010/07/13 v1.3 Configuration of (r)epstopdf for TeX Liv
e
))
\AtBeginShipoutBox=\box27
Package hyperref Info: Link coloring OFF on input line 9.

(/usr/share/texmf-dist/tex/latex/hyperref/nameref.sty
Package: nameref 2016/05/21 v2.44 Cross-referencing by name of section

(/usr/share/texmf-dist/tex/generic/oberdiek/gettitlestring.sty
Package: gettitlestring 2016/05/16 v1.5 Cleanup title references (HO)
)
\c@section@level=\count105
)
LaTeX Info: Redefining \ref on input line 9.
LaTeX Info: Redefining \pageref on input line 9.
LaTeX Info: Redefining \nameref on input line 9.

(./proj4adviesverslag.out) (./proj4adviesverslag.out)
\@outlinefile=\write3
\openout3 = `proj4adviesverslag.out'.

LaTeX Font Info:    External font `cmex10' loaded for size
(Font)              <12> on input line 15.
LaTeX Font Info:    External font `cmex10' loaded for size
(Font)              <8> on input line 15.
LaTeX Font Info:    External font `cmex10' loaded for size
(Font)              <6> on input line 15.
Package babel Info: Redefining dutch shorthand "|
(babel)             in language  on input line 24.
Package babel Info: Redefining dutch shorthand "~
(babel)             in language  on input line 24.
Package babel Info: Redefining dutch shorthand "|
(babel)             in language  on input line 24.
Package babel Info: Redefining dutch shorthand "~
(babel)             in language  on input line 24.
 [1

{/var/lib/texmf/fonts/map/pdftex/updmap/pdftex.map}] (./proj4adviesverslag.toc
LaTeX Font Info:    External font `cmex10' loaded for size
(Font)              <7> on input line 3.
LaTeX Font Info:    External font `cmex10' loaded for size
(Font)              <5> on input line 3.
)
\tf@toc=\write4
\openout4 = `proj4adviesverslag.toc'.

Package babel Info: Redefining dutch shorthand "|
(babel)             in language  on input line 29.
Package babel Info: Redefining dutch shorthand "~
(babel)             in language  on input line 29.
Package babel Info: Redefining dutch shorthand "|
(babel)             in language  on input line 29.
Package babel Info: Redefining dutch shorthand "~
(babel)             in language  on input line 29.
 [2

]
Package babel Info: Redefining dutch shorthand "|
(babel)             in language  on input line 32.
Package babel Info: Redefining dutch shorthand "~
(babel)             in language  on input line 32.
Package babel Info: Redefining dutch shorthand "|
(babel)             in language  on input line 34.
Package babel Info: Redefining dutch shorthand "~
(babel)             in language  on input line 34.
<centralserver.png, id=86, 652.4375pt x 470.75874pt>
File: centralserver.png Graphic file (type png)
<use centralserver.png>
Package pdftex.def Info: centralserver.png  used on input line 36.
(pdftex.def)             Requested size: 227.61984pt x 170.71571pt.
Package babel Info: Redefining dutch shorthand "|
(babel)             in language  on input line 73.
Package babel Info: Redefining dutch shorthand "~
(babel)             in language  on input line 73.
Package babel Info: Redefining dutch shorthand "|
(babel)             in language  on input line 73.
Package babel Info: Redefining dutch shorthand "~
(babel)             in language  on input line 73.
 [3

 <./centralserver.png>]
<peertopeer.jpg, id=92, 1027.84pt x 770.88pt>
File: peertopeer.jpg Graphic file (type jpg)
<use peertopeer.jpg>
Package pdftex.def Info: peertopeer.jpg  used on input line 84.
(pdftex.def)             Requested size: 227.61543pt x 170.71158pt.
Package babel Info: Redefining dutch shorthand "|
(babel)             in language  on input line 113.
Package babel Info: Redefining dutch shorthand "~
(babel)             in language  on input line 113.
Package babel Info: Redefining dutch shorthand "|
(babel)             in language  on input line 113.
Package babel Info: Redefining dutch shorthand "~
(babel)             in language  on input line 113.
 [4 <./peertopeer.jpg>]
Package babel Info: Redefining dutch shorthand "|
(babel)             in language  on input line 121.
Package babel Info: Redefining dutch shorthand "~
(babel)             in language  on input line 121.
Package babel Info: Redefining dutch shorthand "|
(babel)             in language  on input line 145.
Package babel Info: Redefining dutch shorthand "~
(babel)             in language  on input line 145.
Package babel Info: Redefining dutch shorthand "|
(babel)             in language  on input line 147.
Package babel Info: Redefining dutch shorthand "~
(babel)             in language  on input line 147.
Package babel Info: Redefining dutch shorthand "|
(babel)             in language  on input line 177.
Package babel Info: Redefining dutch shorthand "~
(babel)             in language  on input line 177.
Package babel Info: Redefining dutch shorthand "|
(babel)             in language  on input line 177.
Package babel Info: Redefining dutch shorthand "~
(babel)             in language  on input line 177.
 [5]
Underfull \hbox (badness 10000) in paragraph at lines 188--193

 []

Package babel Info: Redefining dutch shorthand "|
(babel)             in language  on input line 210.
Package babel Info: Redefining dutch shorthand "~
(babel)             in language  on input line 210.
Package babel Info: Redefining dutch shorthand "|
(babel)             in language  on input line 230.
Package babel Info: Redefining dutch shorthand "~
(babel)             in language  on input line 230.
Package babel Info: Redefining dutch shorthand "|
(babel)             in language  on input line 230.
Package babel Info: Redefining dutch shorthand "~
(babel)             in language  on input line 230.
[6]
Package babel Info: Redefining dutch shorthand "|
(babel)             in language  on input line 259.
Package babel Info: Redefining dutch shorthand "~
(babel)             in language  on input line 259.
Package babel Info: Redefining dutch shorthand "|
(babel)             in language  on input line 259.
Package babel Info: Redefining dutch shorthand "~
(babel)             in language  on input line 259.
 [7]
Package babel Info: Redefining dutch shorthand "|
(babel)             in language  on input line 262.
Package babel Info: Redefining dutch shorthand "~
(babel)             in language  on input line 262.
Package babel Info: Redefining dutch shorthand "|
(babel)             in language  on input line 320.
Package babel Info: Redefining dutch shorthand "~
(babel)             in language  on input line 320.
Package babel Info: Redefining dutch shorthand "|
(babel)             in language  on input line 320.
Package babel Info: Redefining dutch shorthand "~
(babel)             in language  on input line 320.
 [8

]
Package babel Info: Redefining dutch shorthand "|
(babel)             in language  on input line 323.
Package babel Info: Redefining dutch shorthand "~
(babel)             in language  on input line 323.
Package babel Info: Redefining dutch shorthand "|
(babel)             in language  on input line 374.
Package babel Info: Redefining dutch shorthand "~
(babel)             in language  on input line 374.
Package babel Info: Redefining dutch shorthand "|
(babel)             in language  on input line 382.
Package babel Info: Redefining dutch shorthand "~
(babel)             in language  on input line 382.
Package babel Info: Redefining dutch shorthand "|
(babel)             in language  on input line 382.
Package babel Info: Redefining dutch shorthand "~
(babel)             in language  on input line 382.
 [9

]
Package babel Info: Redefining dutch shorthand "|
(babel)             in language  on input line 383.
Package babel Info: Redefining dutch shorthand "~
(babel)             in language  on input line 383.
Package babel Info: Redefining dutch shorthand "|
(babel)             in language  on input line 383.
Package babel Info: Redefining dutch shorthand "~
(babel)             in language  on input line 383.
 [10]
Package babel Info: Redefining dutch shorthand "|
(babel)             in language  on input line 386.
Package babel Info: Redefining dutch shorthand "~
(babel)             in language  on input line 386.
Package babel Info: Redefining dutch shorthand "|
(babel)             in language  on input line 388.
Package babel Info: Redefining dutch shorthand "~
(babel)             in language  on input line 388.
LaTeX Font Info:    Try loading font information for OMS+cmr on input line 394.

 (/usr/share/texmf-dist/tex/latex/base/omscmr.fd
File: omscmr.fd 2014/09/29 v2.5h Standard LaTeX font definitions
)
LaTeX Font Info:    Font shape `OMS/cmr/m/n' in size <10> not available
(Font)              Font shape `OMS/cmsy/m/n' tried instead on input line 394.
Package babel Info: Redefining dutch shorthand "|
(babel)             in language  on input line 419.
Package babel Info: Redefining dutch shorthand "~
(babel)             in language  on input line 419.
<git.pdf, id=129, 597.23125pt x 421.575pt>
File: git.pdf Graphic file (type pdf)
<use git.pdf>
Package pdftex.def Info: git.pdf  used on input line 443.
(pdftex.def)             Requested size: 409.53836pt x 289.07999pt.

Overfull \hbox (64.53836pt too wide) in paragraph at lines 443--444
 [][] 
 []


LaTeX Warning: `!h' float specifier changed to `!ht'.

Package babel Info: Redefining dutch shorthand "|
(babel)             in language  on input line 448.
Package babel Info: Redefining dutch shorthand "~
(babel)             in language  on input line 448.

Underfull \hbox (badness 10000) in paragraph at lines 451--459

 []

Package babel Info: Redefining dutch shorthand "|
(babel)             in language  on input line 459.
Package babel Info: Redefining dutch shorthand "~
(babel)             in language  on input line 459.
Package babel Info: Redefining dutch shorthand "|
(babel)             in language  on input line 459.
Package babel Info: Redefining dutch shorthand "~
(babel)             in language  on input line 459.
[11

]
LaTeX Font Info:    Try loading font information for U+mvs on input line 462.
 (/usr/share/texmf-dist/tex/latex/marvosym/umvs.fd)
Underfull \hbox (badness 10000) in paragraph at lines 465--471

 []

Package babel Info: Redefining dutch shorthand "|
(babel)             in language  on input line 474.
Package babel Info: Redefining dutch shorthand "~
(babel)             in language  on input line 474.
Package babel Info: Redefining dutch shorthand "|
(babel)             in language  on input line 474.
Package babel Info: Redefining dutch shorthand "~
(babel)             in language  on input line 474.
[12 <./git.pdf

pdfTeX warning: pdflatex (file ./git.pdf): PDF inclusion: invalid other resourc
e which is no dict (key 'ProcSets', type <array>); ignored.
>]
Package atveryend Info: Empty hook `BeforeClearDocument' on input line 478.
Package babel Info: Redefining dutch shorthand "|
(babel)             in language  on input line 478.
Package babel Info: Redefining dutch shorthand "~
(babel)             in language  on input line 478.
Package babel Info: Redefining dutch shorthand "|
(babel)             in language  on input line 478.
Package babel Info: Redefining dutch shorthand "~
(babel)             in language  on input line 478.
 [13]
Package atveryend Info: Empty hook `AfterLastShipout' on input line 478.
 (./proj4adviesverslag.aux)
Package atveryend Info: Executing hook `AtVeryEndDocument' on input line 478.
Package atveryend Info: Executing hook `AtEndAfterFileList' on input line 478.
Package rerunfilecheck Info: File `proj4adviesverslag.out' has not changed.
(rerunfilecheck)             Checksum: 99FABB15347D667544F0297F4E8857E8;878.
Package atveryend Info: Empty hook `AtVeryVeryEnd' on input line 478.
 ) 
Here is how much of TeX's memory you used:
 5922 strings out of 492982
 85042 string characters out of 6138579
 178210 words of memory out of 5000000
 9393 multiletter control sequences out of 15000+600000
 8923 words of font info for 31 fonts, out of 8000000 for 9000
 1141 hyphenation exceptions out of 8191
 28i,6n,32p,216b,366s stack positions out of 5000i,500n,10000p,200000b,80000s
</usr/share/texmf-dist/fonts/type1/public/amsfonts/cm/cmbx10.pfb></usr/share/
texmf-dist/fonts/type1/public/amsfonts/cm/cmbx12.pfb></usr/share/texmf-dist/fon
ts/type1/public/amsfonts/cm/cmbx9.pfb></usr/share/texmf-dist/fonts/type1/public
/amsfonts/cm/cmr10.pfb></usr/share/texmf-dist/fonts/type1/public/amsfonts/cm/cm
r12.pfb></usr/share/texmf-dist/fonts/type1/public/amsfonts/cm/cmr17.pfb></usr/s
hare/texmf-dist/fonts/type1/public/amsfonts/cm/cmr9.pfb></usr/share/texmf-dist/
fonts/type1/public/amsfonts/cm/cmsy10.pfb></usr/share/texmf-dist/fonts/type1/pu
blic/marvosym/marvosym.pfb>
Output written on proj4adviesverslag.pdf (13 pages, 450684 bytes).
PDF statistics:
 217 PDF objects out of 1000 (max. 8388607)
 186 compressed objects within 2 object streams
 51 named destinations out of 1000 (max. 500000)
 120 words of extra memory for PDF output out of 10000 (max. 10000000)

